# JRE version: OpenJDK Runtime Environment Corretto-21.0.6.7.1 (21.0.6+7) (build 21.0.6+7-LTS)
# Java VM: OpenJDK 64-Bit Server VM Corretto-21.0.6.7.1 (21.0.6+7-LTS, mixed mode, sharing, tiered, compressed oops, compressed class ptrs, g1 gc, windows-amd64)
GC Precious Log:
 CardTable entry size: 512
 Card Set container configuration: InlinePtr #cards 5 size 8 Array Of Cards #cards 12 size 40 Howl #buckets 4 coarsen threshold 1843 Howl Bitmap #cards 512 size 80 coarsen threshold 460 Card regions per heap region 1 cards per card region 2048
 CPUs: 2 total, 2 available
 Memory: 3918M
 Large Page Support: Disabled
 NUMA Support: Disabled
 Compressed Oops: Enabled (32-bit)
 Heap Region Size: 1M
 Heap Min Capacity: 8M
 Heap Initial Capacity: 62M
 Heap Max Capacity: 980M
 Pre-touch: Disabled
 Parallel Workers: 2
 Concurrent Workers: 1
 Concurrent Refinement Workers: 2
 Periodic GC: Disabled
Heap:
 garbage-first heap   total 51200K, used 34786K [0x00000000c2c00000, 0x0000000100000000)
  region size 1024K, 17 young (17408K), 4 survivors (4096K)
 Metaspace       used 48603K, committed 49152K, reserved 1114112K
  class space    used 6205K, committed 6464K, reserved 1048576K
GC Heap History (20 events):
Event: 0.554 GC heap before
{Heap before GC invocations=0 (full 0):
 garbage-first heap   total 63488K, used 7168K [0x00000000c2c00000, 0x0000000100000000)
  region size 1024K, 6 young (6144K), 0 survivors (0K)
 Metaspace       used 737K, committed 896K, reserved 1114112K
  class space    used 39K, committed 128K, reserved 1048576K
}
Event: 0.565 GC heap after
{Heap after GC invocations=1 (full 0):
 garbage-first heap   total 63488K, used 5598K [0x00000000c2c00000, 0x0000000100000000)
  region size 1024K, 1 young (1024K), 1 survivors (1024K)
 Metaspace       used 737K, committed 896K, reserved 1114112K
  class space    used 39K, committed 128K, reserved 1048576K
}
Event: 0.872 GC heap before
{Heap before GC invocations=1 (full 0):
 garbage-first heap   total 63488K, used 8670K [0x00000000c2c00000, 0x0000000100000000)
  region size 1024K, 4 young (4096K), 1 survivors (1024K)
 Metaspace       used 1932K, committed 2112K, reserved 1114112K
  class space    used 179K, committed 256K, reserved 1048576K
}
Event: 0.876 GC heap after
{Heap after GC invocations=2 (full 0):
 garbage-first heap   total 63488K, used 6536K [0x00000000c2c00000, 0x0000000100000000)
  region size 1024K, 1 young (1024K), 1 survivors (1024K)
 Metaspace       used 1932K, committed 2112K, reserved 1114112K
  class space    used 179K, committed 256K, reserved 1048576K
}
Event: 1.500 GC heap before
{Heap before GC invocations=2 (full 0):
 garbage-first heap   total 63488K, used 14728K [0x00000000c2c00000, 0x0000000100000000)
  region size 1024K, 9 young (9216K), 1 survivors (1024K)
 Metaspace       used 4643K, committed 4864K, reserved 1114112K
  class space    used 527K, committed 640K, reserved 1048576K
}
Event: 1.505 GC heap after
{Heap after GC invocations=3 (full 0):
 garbage-first heap   total 63488K, used 7265K [0x00000000c2c00000, 0x0000000100000000)
  region size 1024K, 2 young (2048K), 2 survivors (2048K)
 Metaspace       used 4643K, committed 4864K, reserved 1114112K
  class space    used 527K, committed 640K, reserved 1048576K
}
Event: 3.628 GC heap before
{Heap before GC invocations=3 (full 0):
 garbage-first heap   total 63488K, used 41057K [0x00000000c2c00000, 0x0000000100000000)
  region size 1024K, 36 young (36864K), 2 survivors (2048K)
 Metaspace       used 14467K, committed 14848K, reserved 1114112K
  class space    used 1756K, committed 1920K, reserved 1048576K
}
Event: 3.646 GC heap after
{Heap after GC invocations=4 (full 0):
 garbage-first heap   total 63488K, used 10465K [0x00000000c2c00000, 0x0000000100000000)
  region size 1024K, 5 young (5120K), 5 survivors (5120K)
 Metaspace       used 14467K, committed 14848K, reserved 1114112K
  class space    used 1756K, committed 1920K, reserved 1048576K
}
Event: 7.535 GC heap before
{Heap before GC invocations=4 (full 0):
 garbage-first heap   total 63488K, used 42209K [0x00000000c2c00000, 0x0000000100000000)
  region size 1024K, 37 young (37888K), 5 survivors (5120K)
 Metaspace       used 20120K, committed 20480K, reserved 1114112K
  class space    used 2435K, committed 2624K, reserved 1048576K
}
Event: 7.558 GC heap after
{Heap after GC invocations=5 (full 0):
 garbage-first heap   total 63488K, used 13542K [0x00000000c2c00000, 0x0000000100000000)
  region size 1024K, 4 young (4096K), 4 survivors (4096K)
 Metaspace       used 20120K, committed 20480K, reserved 1114112K
  class space    used 2435K, committed 2624K, reserved 1048576K
}
Event: 8.420 GC heap before
{Heap before GC invocations=5 (full 0):
 garbage-first heap   total 63488K, used 19686K [0x00000000c2c00000, 0x0000000100000000)
  region size 1024K, 11 young (11264K), 4 survivors (4096K)
 Metaspace       used 21151K, committed 21504K, reserved 1114112K
  class space    used 2561K, committed 2752K, reserved 1048576K
}
Event: 8.432 GC heap after
{Heap after GC invocations=6 (full 0):
 garbage-first heap   total 63488K, used 14288K [0x00000000c2c00000, 0x0000000100000000)
  region size 1024K, 1 young (1024K), 1 survivors (1024K)
 Metaspace       used 21151K, committed 21504K, reserved 1114112K
  class space    used 2561K, committed 2752K, reserved 1048576K
}
Event: 12.288 GC heap before
{Heap before GC invocations=7 (full 0):
 garbage-first heap   total 51200K, used 43984K [0x00000000c2c00000, 0x0000000100000000)
  region size 1024K, 30 young (30720K), 1 survivors (1024K)
 Metaspace       used 27319K, committed 27712K, reserved 1114112K
  class space    used 3417K, committed 3584K, reserved 1048576K
}
Event: 12.305 GC heap after
{Heap after GC invocations=8 (full 0):
 garbage-first heap   total 51200K, used 17616K [0x00000000c2c00000, 0x0000000100000000)
  region size 1024K, 4 young (4096K), 4 survivors (4096K)
 Metaspace       used 27319K, committed 27712K, reserved 1114112K
  class space    used 3417K, committed 3584K, reserved 1048576K
}
Event: 14.078 GC heap before
{Heap before GC invocations=8 (full 0):
 garbage-first heap   total 51200K, used 41168K [0x00000000c2c00000, 0x0000000100000000)
  region size 1024K, 27 young (27648K), 4 survivors (4096K)
 Metaspace       used 32870K, committed 33472K, reserved 1114112K
  class space    used 4207K, committed 4480K, reserved 1048576K
}
Event: 14.101 GC heap after
{Heap after GC invocations=9 (full 0):
 garbage-first heap   total 51200K, used 19113K [0x00000000c2c00000, 0x0000000100000000)
  region size 1024K, 2 young (2048K), 2 survivors (2048K)
 Metaspace       used 32870K, committed 33472K, reserved 1114112K
  class space    used 4207K, committed 4480K, reserved 1048576K
}
Event: 15.445 GC heap before
{Heap before GC invocations=9 (full 0):
 garbage-first heap   total 51200K, used 28329K [0x00000000c2c00000, 0x0000000100000000)
  region size 1024K, 13 young (13312K), 2 survivors (2048K)
 Metaspace       used 35438K, committed 35968K, reserved 1114112K
  class space    used 4648K, committed 4928K, reserved 1048576K
}
Event: 15.453 GC heap after
{Heap after GC invocations=10 (full 0):
 garbage-first heap   total 51200K, used 19426K [0x00000000c2c00000, 0x0000000100000000)
  region size 1024K, 3 young (3072K), 3 survivors (3072K)
 Metaspace       used 35438K, committed 35968K, reserved 1114112K
  class space    used 4648K, committed 4928K, reserved 1048576K
}
Event: 18.688 GC heap before
{Heap before GC invocations=11 (full 0):
 garbage-first heap   total 51200K, used 41954K [0x00000000c2c00000, 0x0000000100000000)
  region size 1024K, 26 young (26624K), 3 survivors (3072K)
 Metaspace       used 45738K, committed 46208K, reserved 1114112K
  class space    used 5855K, committed 6080K, reserved 1048576K
}
Event: 18.703 GC heap after
{Heap after GC invocations=12 (full 0):
 garbage-first heap   total 51200K, used 22498K [0x00000000c2c00000, 0x0000000100000000)
  region size 1024K, 4 young (4096K), 4 survivors (4096K)
 Metaspace       used 45738K, committed 46208K, reserved 1114112K
  class space    used 5855K, committed 6080K, reserved 1048576K
}

